<?xml version="1.0" encoding="UTF-8"?>
<!-- Generated by org.testng.reporters.JUnitXMLReporter -->
<testsuite hostname="WKWIN5337880" ignored="0" name="Default test" tests="2" failures="0" timestamp="06 Nov 2018 08:28:20 GMT" time="19.099" errors="0">
  <testcase name="dataValidationTest" time="2.469" classname="AutomationTesting.PrepaymentPrivilegeCalculator.PrepaymentPrivilegeCalculatorTest"/>
  <testcase name="errorValidationTest" time="3.112" classname="AutomationTesting.PrepaymentPrivilegeCalculator.PrepaymentPrivilegeCalculatorTest"/>
</testsuite> <!-- Default test -->
