<?xml version="1.0" encoding="UTF-8"?>
<!-- Generated by org.testng.reporters.JUnitXMLReporter -->
<testsuite hostname="WKWIN5337880" ignored="0" name="Prepayment Privilege Calculator Test " tests="2" failures="0" timestamp="06 Nov 2018 07:26:59 GMT" time="16.876" errors="0">
  <testcase name="dataValidationTest" time="1.886" classname="AutomationTesting.PrepaymentPrivilegeCalculator.PrepaymentPrivilegeCalculatorTest"/>
  <testcase name="errorValidationTest" time="0.507" classname="AutomationTesting.PrepaymentPrivilegeCalculator.PrepaymentPrivilegeCalculatorTest"/>
</testsuite> <!-- Prepayment Privilege Calculator Test  -->
