<?xml version="1.0" encoding="UTF-8"?>
<testng-results skipped="0" failed="0" ignored="0" total="2" passed="2">
  <reporter-output>
  </reporter-output>
  <suite name="Default suite" duration-ms="19099" started-at="2018-11-06T08:28:01Z" finished-at="2018-11-06T08:28:20Z">
    <groups>
    </groups>
    <test name="Default test" duration-ms="19099" started-at="2018-11-06T08:28:01Z" finished-at="2018-11-06T08:28:20Z">
      <class name="AutomationTesting.PrepaymentPrivilegeCalculator.PrepaymentPrivilegeCalculatorTest">
        <test-method status="PASS" signature="readPropertyFile()[pri:0, instance:AutomationTesting.PrepaymentPrivilegeCalculator.PrepaymentPrivilegeCalculatorTest@1bce4f0a]" name="readPropertyFile" is-config="true" duration-ms="120" started-at="2018-11-06T08:28:01Z" finished-at="2018-11-06T08:28:01Z">
          <reporter-output>
          </reporter-output>
        </test-method> <!-- readPropertyFile -->
        <test-method status="PASS" signature="setupDriver()[pri:0, instance:AutomationTesting.PrepaymentPrivilegeCalculator.PrepaymentPrivilegeCalculatorTest@1bce4f0a]" name="setupDriver" is-config="true" duration-ms="5861" started-at="2018-11-06T08:28:01Z" finished-at="2018-11-06T08:28:07Z">
          <reporter-output>
          </reporter-output>
        </test-method> <!-- setupDriver -->
        <test-method status="PASS" signature="dataValidationTest()[pri:0, instance:AutomationTesting.PrepaymentPrivilegeCalculator.PrepaymentPrivilegeCalculatorTest@1bce4f0a]" name="dataValidationTest" duration-ms="2469" started-at="2018-11-06T08:28:07Z" finished-at="2018-11-06T08:28:09Z">
          <reporter-output>
          </reporter-output>
        </test-method> <!-- dataValidationTest -->
        <test-method status="PASS" signature="closeBrowser()[pri:0, instance:AutomationTesting.PrepaymentPrivilegeCalculator.PrepaymentPrivilegeCalculatorTest@1bce4f0a]" name="closeBrowser" is-config="true" duration-ms="391" started-at="2018-11-06T08:28:09Z" finished-at="2018-11-06T08:28:10Z">
          <reporter-output>
          </reporter-output>
        </test-method> <!-- closeBrowser -->
        <test-method status="PASS" signature="setupDriver()[pri:0, instance:AutomationTesting.PrepaymentPrivilegeCalculator.PrepaymentPrivilegeCalculatorTest@1bce4f0a]" name="setupDriver" is-config="true" duration-ms="5172" started-at="2018-11-06T08:28:10Z" finished-at="2018-11-06T08:28:15Z">
          <reporter-output>
          </reporter-output>
        </test-method> <!-- setupDriver -->
        <test-method status="PASS" signature="errorValidationTest()[pri:0, instance:AutomationTesting.PrepaymentPrivilegeCalculator.PrepaymentPrivilegeCalculatorTest@1bce4f0a]" name="errorValidationTest" duration-ms="3112" started-at="2018-11-06T08:28:15Z" finished-at="2018-11-06T08:28:18Z">
          <reporter-output>
          </reporter-output>
        </test-method> <!-- errorValidationTest -->
        <test-method status="PASS" signature="closeBrowser()[pri:0, instance:AutomationTesting.PrepaymentPrivilegeCalculator.PrepaymentPrivilegeCalculatorTest@1bce4f0a]" name="closeBrowser" is-config="true" duration-ms="2075" started-at="2018-11-06T08:28:18Z" finished-at="2018-11-06T08:28:20Z">
          <reporter-output>
          </reporter-output>
        </test-method> <!-- closeBrowser -->
        <test-method status="PASS" signature="tearDown()[pri:0, instance:AutomationTesting.PrepaymentPrivilegeCalculator.PrepaymentPrivilegeCalculatorTest@1bce4f0a]" name="tearDown" is-config="true" duration-ms="330" started-at="2018-11-06T08:28:20Z" finished-at="2018-11-06T08:28:21Z">
          <reporter-output>
          </reporter-output>
        </test-method> <!-- tearDown -->
      </class> <!-- AutomationTesting.PrepaymentPrivilegeCalculator.PrepaymentPrivilegeCalculatorTest -->
    </test> <!-- Default test -->
  </suite> <!-- Default suite -->
</testng-results>
